0 info it worked if it ends with ok
1 verbose cli [ '/home/usuario04/.nvm/versions/node/v7.2.1/bin/node',
1 verbose cli   '/home/usuario04/.nvm/versions/node/v7.2.1/bin/npm',
1 verbose cli   'start' ]
2 info using npm@3.10.10
3 info using node@v7.2.1
4 verbose run-script [ 'prestart', 'start', 'poststart' ]
5 info lifecycle ejemplo-de-api@1.0.0~prestart: ejemplo-de-api@1.0.0
6 silly lifecycle ejemplo-de-api@1.0.0~prestart: no script for prestart, continuing
7 info lifecycle ejemplo-de-api@1.0.0~start: ejemplo-de-api@1.0.0
8 verbose lifecycle ejemplo-de-api@1.0.0~start: unsafe-perm in lifecycle true
9 verbose lifecycle ejemplo-de-api@1.0.0~start: PATH: /home/usuario04/.nvm/versions/node/v7.2.1/lib/node_modules/npm/bin/node-gyp-bin:/home/usuario04/ejemplo-de-api/node_modules/.bin:/home/usuario04/.nvm/versions/node/v7.2.1/bin:/usr/local/sbin:/usr/local/bin:/usr/sbin:/usr/bin:/sbin:/bin:/usr/games:/usr/local/games
10 verbose lifecycle ejemplo-de-api@1.0.0~start: CWD: /home/usuario04/ejemplo-de-api
11 silly lifecycle ejemplo-de-api@1.0.0~start: Args: [ '-c', 'node app/sever.js' ]
12 silly lifecycle ejemplo-de-api@1.0.0~start: Returned: code: 1  signal: null
13 info lifecycle ejemplo-de-api@1.0.0~start: Failed to exec start script
14 verbose stack Error: ejemplo-de-api@1.0.0 start: `node app/sever.js`
14 verbose stack Exit status 1
14 verbose stack     at EventEmitter.<anonymous> (/home/usuario04/.nvm/versions/node/v7.2.1/lib/node_modules/npm/lib/utils/lifecycle.js:255:16)
14 verbose stack     at emitTwo (events.js:106:13)
14 verbose stack     at EventEmitter.emit (events.js:191:7)
14 verbose stack     at ChildProcess.<anonymous> (/home/usuario04/.nvm/versions/node/v7.2.1/lib/node_modules/npm/lib/utils/spawn.js:40:14)
14 verbose stack     at emitTwo (events.js:106:13)
14 verbose stack     at ChildProcess.emit (events.js:191:7)
14 verbose stack     at maybeClose (internal/child_process.js:885:16)
14 verbose stack     at Process.ChildProcess._handle.onexit (internal/child_process.js:226:5)
15 verbose pkgid ejemplo-de-api@1.0.0
16 verbose cwd /home/usuario04/ejemplo-de-api
17 error Linux 3.13.0-55-generic
18 error argv "/home/usuario04/.nvm/versions/node/v7.2.1/bin/node" "/home/usuario04/.nvm/versions/node/v7.2.1/bin/npm" "start"
19 error node v7.2.1
20 error npm  v3.10.10
21 error code ELIFECYCLE
22 error ejemplo-de-api@1.0.0 start: `node app/sever.js`
22 error Exit status 1
23 error Failed at the ejemplo-de-api@1.0.0 start script 'node app/sever.js'.
23 error Make sure you have the latest version of node.js and npm installed.
23 error If you do, this is most likely a problem with the ejemplo-de-api package,
23 error not with npm itself.
23 error Tell the author that this fails on your system:
23 error     node app/sever.js
23 error You can get information on how to open an issue for this project with:
23 error     npm bugs ejemplo-de-api
23 error Or if that isn't available, you can get their info via:
23 error     npm owner ls ejemplo-de-api
23 error There is likely additional logging output above.
24 verbose exit [ 1, true ]
